d:\documents\20201\thuc tap\visual studio 2015\projects\gamemaking\trainingframework\debug-nvidia\vc140.pdb
d:\documents\20201\thuc tap\visual studio 2015\projects\gamemaking\trainingframework\debug-nvidia\vc140.idb
d:\documents\20201\thuc tap\visual studio 2015\projects\gamemaking\trainingframework\debug-nvidia\application.obj
d:\documents\20201\thuc tap\visual studio 2015\projects\gamemaking\trainingframework\debug-nvidia\resourcemanagers.obj
d:\documents\20201\thuc tap\visual studio 2015\projects\gamemaking\trainingframework\debug-nvidia\font.obj
d:\documents\20201\thuc tap\visual studio 2015\projects\gamemaking\trainingframework\debug-nvidia\gamebutton.obj
d:\documents\20201\thuc tap\visual studio 2015\projects\gamemaking\trainingframework\debug-nvidia\player.obj
d:\documents\20201\thuc tap\visual studio 2015\projects\gamemaking\trainingframework\debug-nvidia\sprite2d.obj
d:\documents\20201\thuc tap\visual studio 2015\projects\gamemaking\trainingframework\debug-nvidia\camera.obj
d:\documents\20201\thuc tap\visual studio 2015\projects\gamemaking\trainingframework\debug-nvidia\sprite3d.obj
d:\documents\20201\thuc tap\visual studio 2015\projects\gamemaking\trainingframework\debug-nvidia\models.obj
d:\documents\20201\thuc tap\visual studio 2015\projects\gamemaking\trainingframework\debug-nvidia\shaders.obj
d:\documents\20201\thuc tap\visual studio 2015\projects\gamemaking\trainingframework\debug-nvidia\spriteanimation.obj
d:\documents\20201\thuc tap\visual studio 2015\projects\gamemaking\trainingframework\debug-nvidia\text.obj
d:\documents\20201\thuc tap\visual studio 2015\projects\gamemaking\trainingframework\debug-nvidia\texture.obj
d:\documents\20201\thuc tap\visual studio 2015\projects\gamemaking\trainingframework\debug-nvidia\gamestatebase.obj
d:\documents\20201\thuc tap\visual studio 2015\projects\gamemaking\trainingframework\debug-nvidia\gamestatemachine.obj
d:\documents\20201\thuc tap\visual studio 2015\projects\gamemaking\trainingframework\debug-nvidia\gsintro.obj
d:\documents\20201\thuc tap\visual studio 2015\projects\gamemaking\trainingframework\debug-nvidia\gsmenu.obj
d:\documents\20201\thuc tap\visual studio 2015\projects\gamemaking\trainingframework\debug-nvidia\gsplay.obj
d:\documents\20201\thuc tap\visual studio 2015\projects\gamemaking\trainingframework\debug-nvidia\trainingframework.obj
d:\documents\20201\thuc tap\visual studio 2015\projects\gamemaking\bin-nvidia\trainingframework.ilk
d:\documents\20201\thuc tap\visual studio 2015\projects\gamemaking\bin-nvidia\trainingframework.exe
d:\documents\20201\thuc tap\visual studio 2015\projects\gamemaking\bin-nvidia\trainingframework.pdb
d:\documents\20201\thuc tap\visual studio 2015\projects\gamemaking\\bin-nvidia\trainingframework.pdb
d:\documents\20201\thuc tap\visual studio 2015\projects\gamemaking\\bin-nvidia\trainingframework.exe
d:\documents\20201\thuc tap\visual studio 2015\projects\gamemaking\\bin-nvidia\trainingframework.ilk
d:\documents\20201\thuc tap\visual studio 2015\projects\gamemaking\trainingframework\debug-nvidia\training.fc024ec8.tlog\cl.command.1.tlog
d:\documents\20201\thuc tap\visual studio 2015\projects\gamemaking\trainingframework\debug-nvidia\training.fc024ec8.tlog\cl.read.1.tlog
d:\documents\20201\thuc tap\visual studio 2015\projects\gamemaking\trainingframework\debug-nvidia\training.fc024ec8.tlog\cl.write.1.tlog
d:\documents\20201\thuc tap\visual studio 2015\projects\gamemaking\trainingframework\debug-nvidia\training.fc024ec8.tlog\link.command.1.tlog
d:\documents\20201\thuc tap\visual studio 2015\projects\gamemaking\trainingframework\debug-nvidia\training.fc024ec8.tlog\link.read.1.tlog
d:\documents\20201\thuc tap\visual studio 2015\projects\gamemaking\trainingframework\debug-nvidia\training.fc024ec8.tlog\link.write.1.tlog
