  GSPlay.cpp
d:\documents\20201\thuc tap\visual studio 2015\projects\gamemaking\trainingframework\src\gamestates\gsplay.h(45): warning C4305: 'initializing': truncation from 'double' to 'float'
d:\documents\20201\thuc tap\visual studio 2015\projects\gamemaking\trainingframework\src\gamestates\gsplay.cpp(44): warning C4244: 'argument': conversion from 'int' to 'GLfloat', possible loss of data
d:\documents\20201\thuc tap\visual studio 2015\projects\gamemaking\trainingframework\src\gamestates\gsplay.cpp(51): warning C4244: 'argument': conversion from 'int' to 'GLfloat', possible loss of data
d:\documents\20201\thuc tap\visual studio 2015\projects\gamemaking\trainingframework\src\gamestates\gsplay.cpp(58): warning C4244: 'argument': conversion from 'int' to 'GLfloat', possible loss of data
d:\documents\20201\thuc tap\visual studio 2015\projects\gamemaking\trainingframework\src\gamestates\gsplay.cpp(69): warning C4244: 'argument': conversion from 'int' to 'GLfloat', possible loss of data
d:\documents\20201\thuc tap\visual studio 2015\projects\gamemaking\trainingframework\src\gamestates\gsplay.cpp(89): warning C4244: 'argument': conversion from 'int' to 'GLfloat', possible loss of data
d:\documents\20201\thuc tap\visual studio 2015\projects\gamemaking\trainingframework\src\gamestates\gsplay.cpp(95): warning C4244: 'argument': conversion from 'int' to 'GLfloat', possible loss of data
d:\documents\20201\thuc tap\visual studio 2015\projects\gamemaking\trainingframework\src\gamestates\gsplay.cpp(105): warning C4244: 'argument': conversion from 'int' to 'GLfloat', possible loss of data
d:\documents\20201\thuc tap\visual studio 2015\projects\gamemaking\trainingframework\src\gamestates\gsplay.cpp(111): warning C4244: 'argument': conversion from 'int' to 'GLfloat', possible loss of data
d:\documents\20201\thuc tap\visual studio 2015\projects\gamemaking\trainingframework\src\gamestates\gsplay.cpp(117): warning C4244: 'argument': conversion from 'int' to 'GLfloat', possible loss of data
d:\documents\20201\thuc tap\visual studio 2015\projects\gamemaking\trainingframework\src\gamestates\gsplay.cpp(123): warning C4244: 'argument': conversion from 'int' to 'GLfloat', possible loss of data
d:\documents\20201\thuc tap\visual studio 2015\projects\gamemaking\trainingframework\src\gamestates\gsplay.cpp(129): warning C4244: 'argument': conversion from 'int' to 'GLfloat', possible loss of data
d:\documents\20201\thuc tap\visual studio 2015\projects\gamemaking\trainingframework\src\gamestates\gsplay.cpp(135): warning C4244: 'argument': conversion from 'int' to 'GLfloat', possible loss of data
d:\documents\20201\thuc tap\visual studio 2015\projects\gamemaking\trainingframework\src\gamestates\gsplay.cpp(141): warning C4244: 'argument': conversion from 'int' to 'GLfloat', possible loss of data
d:\documents\20201\thuc tap\visual studio 2015\projects\gamemaking\trainingframework\src\gamestates\gsplay.cpp(147): warning C4244: 'argument': conversion from 'int' to 'GLfloat', possible loss of data
d:\documents\20201\thuc tap\visual studio 2015\projects\gamemaking\trainingframework\src\gamestates\gsplay.cpp(241): warning C4244: '+=': conversion from 'double' to 'int', possible loss of data
d:\documents\20201\thuc tap\visual studio 2015\projects\gamemaking\trainingframework\src\gamestates\gsplay.cpp(248): warning C4244: 'argument': conversion from 'double' to 'GLfloat', possible loss of data
d:\documents\20201\thuc tap\visual studio 2015\projects\gamemaking\trainingframework\src\gamestates\gsplay.cpp(267): warning C4244: '=': conversion from 'int' to 'float', possible loss of data
d:\documents\20201\thuc tap\visual studio 2015\projects\gamemaking\trainingframework\src\gamestates\gsplay.cpp(274): warning C4244: 'argument': conversion from 'int' to 'GLfloat', possible loss of data
d:\documents\20201\thuc tap\visual studio 2015\projects\gamemaking\trainingframework\src\gamestates\gsplay.cpp(278): warning C4244: 'argument': conversion from 'int' to 'GLfloat', possible loss of data
d:\documents\20201\thuc tap\visual studio 2015\projects\gamemaking\trainingframework\src\gamestates\gsplay.cpp(282): warning C4244: 'argument': conversion from 'int' to 'GLfloat', possible loss of data
d:\documents\20201\thuc tap\visual studio 2015\projects\gamemaking\trainingframework\src\gamestates\gsplay.cpp(309): warning C4244: 'argument': conversion from 'int' to 'GLfloat', possible loss of data
d:\documents\20201\thuc tap\visual studio 2015\projects\gamemaking\trainingframework\src\gamestates\gsplay.cpp(309): warning C4244: 'argument': conversion from 'double' to 'GLfloat', possible loss of data
d:\documents\20201\thuc tap\visual studio 2015\projects\gamemaking\trainingframework\src\gamestates\gsplay.cpp(313): warning C4244: 'argument': conversion from 'int' to 'GLfloat', possible loss of data
d:\program files (x86)\microsoft visual studio 14.0\vc\include\memory(901): warning C4244: 'argument': conversion from 'double' to 'float', possible loss of data
  d:\program files (x86)\microsoft visual studio 14.0\vc\include\memory(971): note: see reference to function template instantiation 'std::_Ref_count_obj<_Ty>::_Ref_count_obj<std::shared_ptr<Shaders>&,std::shared_ptr<Font>&,std::basic_string<char,std::char_traits<char>,std::allocator<char>>,TEXT_COLOR,double>(std::shared_ptr<Shaders> &,std::shared_ptr<Font> &,std::basic_string<char,std::char_traits<char>,std::allocator<char>> &&,TEXT_COLOR &&,double &&)' being compiled
          with
          [
              _Ty=Text
          ]
  d:\program files (x86)\microsoft visual studio 14.0\vc\include\memory(971): note: see reference to function template instantiation 'std::_Ref_count_obj<_Ty>::_Ref_count_obj<std::shared_ptr<Shaders>&,std::shared_ptr<Font>&,std::basic_string<char,std::char_traits<char>,std::allocator<char>>,TEXT_COLOR,double>(std::shared_ptr<Shaders> &,std::shared_ptr<Font> &,std::basic_string<char,std::char_traits<char>,std::allocator<char>> &&,TEXT_COLOR &&,double &&)' being compiled
          with
          [
              _Ty=Text
          ]
  d:\documents\20201\thuc tap\visual studio 2015\projects\gamemaking\trainingframework\src\gamestates\gsplay.cpp(82): note: see reference to function template instantiation 'std::shared_ptr<Text> std::make_shared<Text,std::shared_ptr<Shaders>&,std::shared_ptr<Font>&,std::basic_string<char,std::char_traits<char>,std::allocator<char>>,TEXT_COLOR,double>(std::shared_ptr<Shaders> &,std::shared_ptr<Font> &,std::basic_string<char,std::char_traits<char>,std::allocator<char>> &&,TEXT_COLOR &&,double &&)' being compiled
  GSIntro.cpp
d:\documents\20201\thuc tap\visual studio 2015\projects\gamemaking\trainingframework\src\gamestates\gsintro.cpp(26): warning C4244: 'argument': conversion from 'int' to 'GLfloat', possible loss of data
  Generating Code...
  TrainingFramework.vcxproj -> D:\Documents\20201\Thuc tap\visual studio 2015\Projects\GameMaking\\BIN-Nvidia\TrainingFramework.exe
  TrainingFramework.vcxproj -> D:\Documents\20201\Thuc tap\visual studio 2015\Projects\GameMaking\\BIN-Nvidia\TrainingFramework.pdb (Full PDB)
